<?xml version="1.0" encoding="UTF-8"?>
<coverage generated="1657583080055" clover="3.2.0">
  <project timestamp="1657583080056" name="All files">
    <metrics statements="12" coveredstatements="12" conditionals="5" coveredconditionals="5" methods="3" coveredmethods="3" elements="20" coveredelements="20" complexity="0" loc="12" ncloc="12" packages="1" files="1" classes="1"/>
    <file name="MinMaxRange.ts" path="C:\Users\hithi\ivangacha\src\util\MinMaxRange.ts">
      <metrics statements="12" coveredstatements="12" conditionals="5" coveredconditionals="5" methods="3" coveredmethods="3"/>
      <line num="3" count="1" type="stmt"/>
      <line num="5" count="1" type="stmt"/>
      <line num="9" count="1" type="stmt"/>
      <line num="14" count="3" type="cond" truecount="1" falsecount="0"/>
      <line num="16" count="2" type="stmt"/>
      <line num="17" count="2" type="stmt"/>
      <line num="21" count="6" type="cond" truecount="2" falsecount="0"/>
      <line num="22" count="2" type="stmt"/>
      <line num="23" count="4" type="cond" truecount="2" falsecount="0"/>
      <line num="24" count="1" type="stmt"/>
      <line num="26" count="3" type="stmt"/>
      <line num="30" count="1" type="stmt"/>
    </file>
  </project>
</coverage>
