{"C:\\Users\\hithi\\ivangacha\\src\\util\\MinMaxRange.ts": {"path":"C:\\Users\\hithi\\ivangacha\\src\\util\\MinMaxRange.ts","statementMap":{"0":{"start":{"line":5,"column":8},"end":{"line":5,"column":83}},"1":{"start":{"line":3,"column":0},"end":{"line":3,"column":13}},"2":{"start":{"line":14,"column":8},"end":{"line":14,"column":53}},"3":{"start":{"line":14,"column":23},"end":{"line":14,"column":53}},"4":{"start":{"line":16,"column":8},"end":{"line":16,"column":23}},"5":{"start":{"line":17,"column":8},"end":{"line":17,"column":23}},"6":{"start":{"line":21,"column":8},"end":{"line":26,"column":25}},"7":{"start":{"line":22,"column":12},"end":{"line":22,"column":28}},"8":{"start":{"line":23,"column":13},"end":{"line":26,"column":25}},"9":{"start":{"line":24,"column":12},"end":{"line":24,"column":28}},"10":{"start":{"line":26,"column":12},"end":{"line":26,"column":25}},"11":{"start":{"line":9,"column":0},"end":{"line":9,"column":13}},"12":{"start":{"line":30,"column":13},"end":{"line":30,"column":55}}},"fnMap":{"0":{"name":"(anonymous_0)","decl":{"start":{"line":4,"column":4},"end":{"line":4,"column":null}},"loc":{"start":{"line":4,"column":4},"end":{"line":6,"column":5}}},"1":{"name":"(anonymous_1)","decl":{"start":{"line":13,"column":4},"end":{"line":13,"column":16}},"loc":{"start":{"line":13,"column":30},"end":{"line":18,"column":5}}},"2":{"name":"(anonymous_2)","decl":{"start":{"line":20,"column":11},"end":{"line":20,"column":28}},"loc":{"start":{"line":20,"column":37},"end":{"line":27,"column":5}}}},"branchMap":{"0":{"loc":{"start":{"line":14,"column":8},"end":{"line":14,"column":53}},"type":"if","locations":[{"start":{"line":14,"column":8},"end":{"line":14,"column":53}}]},"1":{"loc":{"start":{"line":21,"column":8},"end":{"line":26,"column":25}},"type":"if","locations":[{"start":{"line":21,"column":8},"end":{"line":26,"column":25}},{"start":{"line":23,"column":13},"end":{"line":26,"column":25}}]},"2":{"loc":{"start":{"line":23,"column":13},"end":{"line":26,"column":25}},"type":"if","locations":[{"start":{"line":23,"column":13},"end":{"line":26,"column":25}},{"start":{"line":26,"column":12},"end":{"line":26,"column":25}}]}},"s":{"0":1,"1":1,"2":3,"3":1,"4":2,"5":2,"6":6,"7":2,"8":4,"9":1,"10":3,"11":1,"12":1},"f":{"0":1,"1":3,"2":6},"b":{"0":[1],"1":[2,4],"2":[1,3]}}
}
